<?xml version="1.0" encoding="UTF-8"?>
<!-- Generated by org.testng.reporters.JUnitXMLReporter -->
<testsuite ignored="5" hostname="Nayab" failures="0" tests="4" name="Test" time="0.086" errors="0" timestamp="2025-06-17T12:15:00 IST">
  <testcase classname="testNGbasic.C1" name="tm1" time="0.011"/>
  <testcase classname="testNGbasic.C1" name="tm3" time="0.001"/>
  <testcase classname="testNGbasic.C2" name="tm2" time="0.002"/>
  <testcase classname="testNGbasic.C2" name="tm5" time="0.001"/>
  <testcase classname="testNGbasic.C1" name="tm4" time="0.0">
    <ignored/>
  </testcase> <!-- tm4 -->
  <testcase classname="testNGbasic.testNGDemo" name="login" time="0.0">
    <ignored/>
  </testcase> <!-- login -->
  <testcase classname="testNGbasic.C2" name="tm6" time="0.0">
    <ignored/>
  </testcase> <!-- tm6 -->
  <testcase classname="testNGbasic.testNGDemo" name="openApp" time="0.0">
    <ignored/>
  </testcase> <!-- openApp -->
  <testcase classname="testNGbasic.testNGDemo" name="logout" time="0.0">
    <ignored/>
  </testcase> <!-- logout -->
</testsuite> <!-- Test -->
