<?xml version="1.0" encoding="UTF-8"?>
<testng-results ignored="0" total="1" passed="1" failed="0" skipped="0">
  <reporter-output>
  </reporter-output>
  <suite started-at="2025-05-03T13:44:38 IST" name="Default suite" finished-at="2025-05-03T13:44:51 IST" duration-ms="13687">
    <groups>
    </groups>
    <test started-at="2025-05-03T13:44:38 IST" name="Default test" finished-at="2025-05-03T13:44:51 IST" duration-ms="13687">
      <class name="MavenBasic.MavenBasic.driverLaunch">
        <test-method signature="openBrowser()[pri:0, instance:MavenBasic.MavenBasic.driverLaunch@35d019a3]" started-at="2025-05-03T13:44:38 IST" name="openBrowser" finished-at="2025-05-03T13:44:51 IST" duration-ms="13650" status="PASS">
          <reporter-output>
          </reporter-output>
        </test-method> <!-- openBrowser -->
      </class> <!-- MavenBasic.MavenBasic.driverLaunch -->
    </test> <!-- Default test -->
  </suite> <!-- Default suite -->
</testng-results>
