<?xml version="1.0" encoding="UTF-8"?>
<!-- Generated by org.testng.reporters.JUnitXMLReporter -->
<testsuite ignored="0" hostname="Nayab" failures="0" tests="3" name="Default test" time="0.071" errors="0" timestamp="2025-06-16T20:53:23 IST">
  <testcase classname="testNGbasic.testNGDemo" name="openApp" time="0.011"/>
  <testcase classname="testNGbasic.testNGDemo" name="login" time="0.002"/>
  <testcase classname="testNGbasic.testNGDemo" name="logout" time="0.002"/>
</testsuite> <!-- Default test -->
